2023-07-03 19:48:25.170 [info] Extension host with pid 3491 started
2023-07-03 19:48:25.192 [info] ExtensionService#_doActivateExtension vscode.git-base, startup: true, activationEvent: '*'
2023-07-03 19:48:25.197 [info] ExtensionService#_doActivateExtension Catppuccin.catppuccin-vsc, startup: true, activationEvent: '*'
2023-07-03 19:48:25.269 [info] ExtensionService#_doActivateExtension vscode.github, startup: true, activationEvent: '*'
2023-07-03 19:48:25.278 [info] Eager extensions activated
2023-07-03 19:48:25.279 [info] ExtensionService#_doActivateExtension vscode.debug-auto-launch, startup: false, activationEvent: 'onStartupFinished'
2023-07-03 19:48:25.281 [info] ExtensionService#_doActivateExtension vscode.merge-conflict, startup: false, activationEvent: 'onStartupFinished'
2023-07-03 19:48:28.362 [info] ExtensionService#_doActivateExtension vscode.emmet, startup: false, activationEvent: 'onLanguage'
2023-07-03 20:09:02.822 [info] Extension host terminating: renderer closed the MessagePort
2023-07-03 20:09:02.824 [info] Extension host with pid 3491 exiting with code 0
2023-07-03 20:09:03.584 [info] Extension host with pid 5342 started
2023-07-03 20:09:03.584 [info] Skipping acquiring lock for /home/l4n1skyy/.config/Code - OSS/User/workspaceStorage/f875b64ae79ef357ba56599dbd8035b8.
2023-07-03 20:09:03.655 [info] ExtensionService#_doActivateExtension vscode.git-base, startup: true, activationEvent: '*'
2023-07-03 20:09:03.659 [info] ExtensionService#_doActivateExtension Catppuccin.catppuccin-vsc, startup: true, activationEvent: '*'
2023-07-03 20:09:03.684 [info] ExtensionService#_doActivateExtension vscode.github, startup: true, activationEvent: '*'
2023-07-03 20:09:03.699 [info] Eager extensions activated
2023-07-03 20:09:03.700 [info] ExtensionService#_doActivateExtension vscode.debug-auto-launch, startup: false, activationEvent: 'onStartupFinished'
2023-07-03 20:09:03.702 [info] ExtensionService#_doActivateExtension vscode.merge-conflict, startup: false, activationEvent: 'onStartupFinished'
2023-07-03 20:09:06.790 [info] ExtensionService#_doActivateExtension vscode.git, startup: false, activationEvent: 'api', root cause: vscode.github
2023-07-03 20:09:14.635 [info] ExtensionService#_doActivateExtension vscode.emmet, startup: false, activationEvent: 'onLanguage'
2023-07-03 20:09:20.382 [info] ExtensionService#_doActivateExtension vscode.extension-editing, startup: false, activationEvent: 'onLanguage:markdown'
2023-07-03 20:09:20.389 [info] ExtensionService#_doActivateExtension vscode.markdown-language-features, startup: false, activationEvent: 'onLanguage:markdown'
2023-07-03 20:09:20.810 [info] ExtensionService#_doActivateExtension vscode.markdown-math, startup: false, activationEvent: 'api', root cause: vscode.markdown-language-features
2023-07-03 20:54:23.547 [info] Extension host terminating: renderer closed the MessagePort
2023-07-03 20:54:23.554 [info] Extension host with pid 5342 exiting with code 0
