2023-07-08 13:35:06.238 [info] Extension host with pid 2605 started
2023-07-08 13:35:06.238 [info] Skipping acquiring lock for /home/l4n1skyy/.config/Code - OSS/User/workspaceStorage/f0d9f5f469972e8d1a91e031517ee274.
2023-07-08 13:35:06.343 [info] ExtensionService#_doActivateExtension vscode.emmet, startup: false, activationEvent: 'onLanguage'
2023-07-08 13:35:06.368 [info] ExtensionService#_doActivateExtension vscode.git-base, startup: true, activationEvent: '*', root cause: vscode.git
2023-07-08 13:35:06.371 [info] ExtensionService#_doActivateExtension Catppuccin.catppuccin-vsc, startup: true, activationEvent: '*'
2023-07-08 13:35:06.390 [info] ExtensionService#_doActivateExtension vscode.git, startup: true, activationEvent: '*'
2023-07-08 13:35:06.416 [info] ExtensionService#_doActivateExtension vscode.github, startup: true, activationEvent: '*'
2023-07-08 13:35:06.457 [info] Eager extensions activated
2023-07-08 13:35:06.492 [info] ExtensionService#_doActivateExtension vscode.debug-auto-launch, startup: false, activationEvent: 'onStartupFinished'
2023-07-08 13:35:06.494 [info] ExtensionService#_doActivateExtension vscode.merge-conflict, startup: false, activationEvent: 'onStartupFinished'
2023-07-08 13:35:25.656 [info] Extension host terminating: renderer closed the MessagePort
2023-07-08 13:35:25.658 [info] Extension host with pid 2605 exiting with code 0
2023-07-08 13:35:26.437 [info] Extension host with pid 2729 started
2023-07-08 13:35:26.437 [info] Skipping acquiring lock for /home/l4n1skyy/.config/Code - OSS/User/workspaceStorage/f3b322d637dcb524eba36f82bd186d6c.
2023-07-08 13:35:26.477 [info] ExtensionService#_doActivateExtension vscode.git-base, startup: true, activationEvent: '*'
2023-07-08 13:35:26.480 [info] ExtensionService#_doActivateExtension Catppuccin.catppuccin-vsc, startup: true, activationEvent: '*'
2023-07-08 13:35:26.484 [info] ExtensionService#_doActivateExtension vscode.github, startup: true, activationEvent: '*'
2023-07-08 13:35:26.489 [info] Eager extensions activated
2023-07-08 13:35:26.521 [info] ExtensionService#_doActivateExtension vscode.debug-auto-launch, startup: false, activationEvent: 'onStartupFinished'
2023-07-08 13:35:26.524 [info] ExtensionService#_doActivateExtension vscode.merge-conflict, startup: false, activationEvent: 'onStartupFinished'
2023-07-08 13:35:29.790 [info] ExtensionService#_doActivateExtension vscode.git, startup: false, activationEvent: 'api', root cause: vscode.github
2023-07-08 13:35:35.881 [info] ExtensionService#_doActivateExtension vscode.html-language-features, startup: false, activationEvent: 'onLanguage:html'
2023-07-08 13:35:35.907 [info] ExtensionService#_doActivateExtension vscode.emmet, startup: false, activationEvent: 'onLanguage'
2023-07-08 13:36:10.030 [info] ExtensionService#_doActivateExtension techer.open-in-browser, startup: false, activationEvent: 'onCommand:extension.openInDefaultBrowser'
2023-07-08 13:40:07.374 [info] Extension host terminating: renderer closed the MessagePort
2023-07-08 13:40:07.384 [info] Extension host with pid 2729 exiting with code 0
