2023-07-03 21:42:28.103 [info] Log level: Info
2023-07-03 21:42:28.103 [info] Validating found git in: "git"
2023-07-03 21:42:28.103 [info] Using git "2.41.0" from "git"
2023-07-03 21:42:28.103 [info] > git rev-parse --show-toplevel [6ms]
2023-07-03 21:42:28.103 [info] fatal: not a git repository (or any of the parent directories): .git
2023-07-03 21:42:30.990 [info] > git rev-parse --show-toplevel [1ms]
2023-07-03 21:42:30.990 [info] fatal: not a git repository (or any of the parent directories): .git
2023-07-03 21:42:31.747 [info] > git rev-parse --show-toplevel [2ms]
2023-07-03 21:42:31.747 [info] fatal: not a git repository (or any of the parent directories): .git
2023-07-03 21:42:47.860 [info] > git rev-parse --show-toplevel [3ms]
2023-07-03 21:42:47.860 [info] fatal: not a git repository (or any of the parent directories): .git
2023-07-03 21:44:32.429 [info] > git rev-parse --show-toplevel [1ms]
2023-07-03 21:44:32.429 [info] fatal: not a git repository (or any of the parent directories): .git
2023-07-03 21:45:41.058 [info] > git rev-parse --show-toplevel [1ms]
2023-07-03 21:45:41.058 [info] fatal: not a git repository (or any of the parent directories): .git
2023-07-03 21:46:09.290 [info] > git rev-parse --show-toplevel [1ms]
2023-07-03 21:46:09.290 [info] fatal: not a git repository (or any of the parent directories): .git
2023-07-03 21:46:26.542 [info] > git rev-parse --show-toplevel [2ms]
2023-07-03 21:46:26.542 [info] fatal: not a git repository (or any of the parent directories): .git
2023-07-03 21:48:17.970 [info] > git rev-parse --show-toplevel [1ms]
2023-07-03 21:48:17.970 [info] fatal: not a git repository (or any of the parent directories): .git
2023-07-03 21:48:35.907 [info] > git rev-parse --show-toplevel [1ms]
2023-07-03 21:48:35.907 [info] fatal: not a git repository (or any of the parent directories): .git
2023-07-03 21:50:55.013 [info] > git rev-parse --show-toplevel [1ms]
2023-07-03 21:50:55.013 [info] fatal: not a git repository (or any of the parent directories): .git
2023-07-03 21:50:56.852 [info] > git rev-parse --show-toplevel [1ms]
2023-07-03 21:50:56.852 [info] fatal: not a git repository (or any of the parent directories): .git
2023-07-03 21:50:56.860 [info] > git rev-parse --show-toplevel [1ms]
2023-07-03 21:50:56.860 [info] fatal: not a git repository (or any of the parent directories): .git
2023-07-03 21:50:58.756 [info] > git rev-parse --show-toplevel [1ms]
2023-07-03 21:50:58.756 [info] fatal: not a git repository (or any of the parent directories): .git
2023-07-03 21:50:58.769 [info] > git rev-parse --show-toplevel [1ms]
2023-07-03 21:50:58.769 [info] fatal: not a git repository (or any of the parent directories): .git
2023-07-03 21:50:58.775 [info] > git rev-parse --show-toplevel [1ms]
2023-07-03 21:50:58.775 [info] fatal: not a git repository (or any of the parent directories): .git
