2023-07-08 13:35:11.046 [info] Getting Manifest... catppuccin.catppuccin-vsc-icons
2023-07-08 13:35:12.906 [info] Installing extension: catppuccin.catppuccin-vsc-icons
2023-07-08 13:35:15.049 [info] Extension signature verification is not done: catppuccin.catppuccin-vsc-icons
2023-07-08 13:35:15.408 [info] Extracted extension to /home/l4n1skyy/.vscode-oss/extensions/.1ea60c86-4100-42c7-aa12-f40e3976c534: catppuccin.catppuccin-vsc-icons
2023-07-08 13:35:15.418 [info] Renamed to /home/l4n1skyy/.vscode-oss/extensions/catppuccin.catppuccin-vsc-icons-0.21.0-universal
2023-07-08 13:35:15.419 [info] Extracting extension completed. catppuccin.catppuccin-vsc-icons
2023-07-08 13:35:15.425 [info] Extension installed successfully: catppuccin.catppuccin-vsc-icons
2023-07-08 13:35:15.427 [info] Marked extension as uninstalled catppuccin.catppuccin-vsc-icons-0.19.0-universal
2023-07-08 13:35:55.274 [info] Getting Manifest... techer.open-in-browser
2023-07-08 13:35:56.194 [info] Installing extension: techer.open-in-browser
2023-07-08 13:36:01.528 [info] Extension signature verification is not done: techer.open-in-browser
2023-07-08 13:36:02.220 [info] Extracted extension to /home/l4n1skyy/.vscode-oss/extensions/.0171ec15-9902-4a8f-8435-5c930252d162: techer.open-in-browser
2023-07-08 13:36:02.227 [info] Renamed to /home/l4n1skyy/.vscode-oss/extensions/techer.open-in-browser-2.0.0-universal
2023-07-08 13:36:02.228 [info] Extracting extension completed. techer.open-in-browser
2023-07-08 13:36:02.232 [info] Extension installed successfully: techer.open-in-browser
2023-07-08 13:36:18.625 [info] Uninstalling extension from the profile: techer.open-in-browser@2.0.0 vscode-userdata:/home/l4n1skyy/.vscode-oss/extensions/extensions.json
2023-07-08 13:36:18.640 [info] Marked extension as uninstalled techer.open-in-browser-2.0.0-universal
2023-07-08 13:36:19.707 [info] Successfully uninstalled extension from the profile techer.open-in-browser@2.0.0 vscode-userdata:/home/l4n1skyy/.vscode-oss/extensions/extensions.json
2023-07-08 13:36:28.919 [info] Getting Manifest... techer.open-in-browser
2023-07-08 13:36:29.198 [info] Installing extension: techer.open-in-browser
2023-07-08 13:36:29.359 [info] Extension signature verification is not done: techer.open-in-browser
2023-07-08 13:36:29.362 [info] Removed the extension from uninstalled list: techer.open-in-browser
2023-07-08 13:36:29.370 [info] Extension installed successfully: techer.open-in-browser
