2023-07-08 13:35:06.438 [info] Log level: Info
2023-07-08 13:35:06.438 [info] Validating found git in: "git"
2023-07-08 13:35:06.450 [info] Using git "2.41.0" from "git"
2023-07-08 13:35:06.461 [info] > git rev-parse --show-toplevel [5ms]
2023-07-08 13:35:06.461 [info] fatal: not a git repository (or any of the parent directories): .git
2023-07-08 13:35:06.468 [info] > git rev-parse --show-toplevel [2ms]
2023-07-08 13:35:06.468 [info] fatal: not a git repository (or any of the parent directories): .git
2023-07-08 13:35:06.554 [info] > git rev-parse --show-toplevel [1ms]
2023-07-08 13:35:06.554 [info] fatal: not a git repository (or any of the parent directories): .git
2023-07-08 13:35:06.610 [info] > git rev-parse --show-toplevel [2ms]
2023-07-08 13:35:06.610 [info] fatal: not a git repository (or any of the parent directories): .git
2023-07-08 13:35:06.658 [info] > git rev-parse --show-toplevel [1ms]
2023-07-08 13:35:06.658 [info] fatal: not a git repository (or any of the parent directories): .git
2023-07-08 13:35:06.800 [info] > git rev-parse --show-toplevel [1ms]
2023-07-08 13:35:06.800 [info] fatal: not a git repository (or any of the parent directories): .git
2023-07-08 13:35:29.841 [info] Log level: Info
2023-07-08 13:35:29.841 [info] Validating found git in: "git"
2023-07-08 13:35:29.841 [info] Using git "2.41.0" from "git"
2023-07-08 13:35:29.841 [info] > git rev-parse --show-toplevel [4ms]
2023-07-08 13:35:29.841 [info] fatal: not a git repository (or any of the parent directories): .git
2023-07-08 13:35:35.861 [info] > git rev-parse --show-toplevel [1ms]
2023-07-08 13:35:35.861 [info] fatal: not a git repository (or any of the parent directories): .git
2023-07-08 13:36:02.366 [info] > git rev-parse --show-toplevel [2ms]
2023-07-08 13:36:02.366 [info] fatal: not a git repository (or any of the parent directories): .git
2023-07-08 13:36:08.935 [info] > git rev-parse --show-toplevel [1ms]
2023-07-08 13:36:08.935 [info] fatal: not a git repository (or any of the parent directories): .git
2023-07-08 13:36:44.272 [info] > git rev-parse --show-toplevel [1ms]
2023-07-08 13:36:44.272 [info] fatal: not a git repository (or any of the parent directories): .git
2023-07-08 13:36:53.831 [info] > git rev-parse --show-toplevel [1ms]
2023-07-08 13:36:53.831 [info] fatal: not a git repository (or any of the parent directories): .git
