2023-07-03 12:43:47 Loading main app package /tmp/.mount_obsiditSvj8F/resources/obsidian.asar
2023-07-03 12:43:47 Checking for update using Github
2023-07-03 12:43:49 Success.
2023-07-03 12:43:49 Latest version is 1.3.5
2023-07-03 12:43:49 Downloading update from https://github.com/obsidianmd/obsidian-releases/releases/download/v1.3.5/obsidian-1.3.5.asar.gz
2023-07-03 12:43:59 Verifying hash & signature. Size= 7610287
2023-07-03 12:43:59 Saving file
2023-07-03 12:43:59 Update complete.
2023-07-03 13:26:06 Loading updated app package /home/l4n1skyy/.config/obsidian/obsidian-1.3.5.asar
2023-07-03 13:26:06 Checking for update using Github
2023-07-03 13:26:07 Success.
2023-07-03 13:26:07 Latest version is 1.3.5
2023-07-03 13:26:07 App is up to date.
2023-07-03 13:34:13 Loading updated app package /home/l4n1skyy/.config/obsidian/obsidian-1.3.5.asar
2023-07-03 13:34:13 Checking for update using Github
2023-07-03 13:34:14 Success.
2023-07-03 13:34:14 Latest version is 1.3.5
2023-07-03 13:34:14 App is up to date.
2023-07-03 13:37:35 Loading updated app package /home/l4n1skyy/.config/obsidian/obsidian-1.3.5.asar
2023-07-03 13:37:36 Checking for update using Github
2023-07-03 13:37:36 Success.
2023-07-03 13:37:36 Latest version is 1.3.5
2023-07-03 13:37:36 App is up to date.
2023-07-03 13:37:46 Loading updated app package /home/l4n1skyy/.config/obsidian/obsidian-1.3.5.asar
2023-07-03 13:37:46 Checking for update using Github
2023-07-03 13:37:47 Success.
2023-07-03 13:37:47 Latest version is 1.3.5
2023-07-03 13:37:47 App is up to date.
2023-07-03 13:38:02 Loading updated app package /home/l4n1skyy/.config/obsidian/obsidian-1.3.5.asar
2023-07-03 13:38:02 Checking for update using Github
2023-07-03 13:38:03 Success.
2023-07-03 13:38:03 Latest version is 1.3.5
2023-07-03 13:38:03 App is up to date.
2023-07-03 13:43:28 Loading updated app package /home/l4n1skyy/.config/obsidian/obsidian-1.3.5.asar
2023-07-03 13:43:28 Checking for update using Github
2023-07-03 13:43:28 Success.
2023-07-03 13:43:28 Latest version is 1.3.5
2023-07-03 13:43:28 App is up to date.
2023-07-03 13:43:32 Loading updated app package /home/l4n1skyy/.config/obsidian/obsidian-1.3.5.asar
2023-07-03 13:43:32 Checking for update using Github
2023-07-03 13:43:33 Success.
2023-07-03 13:43:33 Latest version is 1.3.5
2023-07-03 13:43:33 App is up to date.
2023-07-03 13:44:06 Loading updated app package /home/l4n1skyy/.config/obsidian/obsidian-1.3.5.asar
2023-07-03 13:44:07 Checking for update using Github
2023-07-03 13:44:07 Success.
2023-07-03 13:44:07 Latest version is 1.3.5
2023-07-03 13:44:07 App is up to date.
2023-07-03 13:44:13 Loading updated app package /home/l4n1skyy/.config/obsidian/obsidian-1.3.5.asar
2023-07-03 13:44:14 Checking for update using Github
2023-07-03 13:44:14 Success.
2023-07-03 13:44:14 Latest version is 1.3.5
2023-07-03 13:44:14 App is up to date.
2023-07-03 13:44:23 Loading updated app package /home/l4n1skyy/.config/obsidian/obsidian-1.3.5.asar
2023-07-03 13:44:23 Checking for update using Github
2023-07-03 13:44:23 Success.
2023-07-03 13:44:23 Latest version is 1.3.5
2023-07-03 13:44:23 App is up to date.
2023-07-03 13:44:54 Loading updated app package /home/l4n1skyy/.config/obsidian/obsidian-1.3.5.asar
2023-07-03 13:44:55 Checking for update using Github
2023-07-03 13:44:55 Success.
2023-07-03 13:44:55 Latest version is 1.3.5
2023-07-03 13:44:55 App is up to date.
2023-07-03 13:45:15 Loading updated app package /home/l4n1skyy/.config/obsidian/obsidian-1.3.5.asar
2023-07-03 13:45:16 Checking for update using Github
2023-07-03 13:45:16 Success.
2023-07-03 13:45:16 Latest version is 1.3.5
2023-07-03 13:45:16 App is up to date.
2023-07-03 13:52:21 Loading updated app package /home/l4n1skyy/.config/obsidian/obsidian-1.3.5.asar
2023-07-03 13:52:22 Checking for update using Github
2023-07-03 13:52:22 Success.
2023-07-03 13:52:22 Latest version is 1.3.5
2023-07-03 13:52:22 App is up to date.
2023-07-03 13:52:43 Loading updated app package /home/l4n1skyy/.config/obsidian/obsidian-1.3.5.asar
2023-07-03 13:52:43 Checking for update using Github
2023-07-03 13:53:03 Loading updated app package /home/l4n1skyy/.config/obsidian/obsidian-1.3.5.asar
2023-07-03 13:53:03 Checking for update using Github
2023-07-03 13:53:45 Loading updated app package /home/l4n1skyy/.config/obsidian/obsidian-1.3.5.asar
2023-07-03 13:53:45 Checking for update using Github
2023-07-03 14:44:07 Loading updated app package /home/l4n1skyy/.config/obsidian/obsidian-1.3.5.asar
2023-07-03 14:44:07 Checking for update using Github
2023-07-03 14:44:08 Success.
2023-07-03 14:44:08 Latest version is 1.3.5
2023-07-03 14:44:08 App is up to date.
2023-07-03 06:51:39 Loading updated app package /home/l4n1skyy/.config/obsidian/obsidian-1.3.5.asar
2023-07-03 06:51:39 Checking for update using Github
2023-07-03 06:51:40 Success.
2023-07-03 06:51:40 Latest version is 1.3.5
2023-07-03 06:51:40 App is up to date.
2023-07-03 06:51:53 Loading updated app package /home/l4n1skyy/.config/obsidian/obsidian-1.3.5.asar
2023-07-03 06:51:53 Checking for update using Github
2023-07-03 06:51:53 Success.
2023-07-03 06:51:53 Latest version is 1.3.5
2023-07-03 06:51:53 App is up to date.
2023-07-03 07:19:48 Loading updated app package /home/l4n1skyy/.config/obsidian/obsidian-1.3.5.asar
2023-07-03 07:19:48 Checking for update using Github
2023-07-03 07:19:48 Success.
2023-07-03 07:19:48 Latest version is 1.3.5
2023-07-03 07:19:48 App is up to date.
2023-07-03 07:41:04 Loading updated app package /home/l4n1skyy/.config/obsidian/obsidian-1.3.5.asar
2023-07-03 07:41:04 Checking for update using Github
2023-07-03 07:42:29 Loading updated app package /home/l4n1skyy/.config/obsidian/obsidian-1.3.5.asar
2023-07-03 07:42:30 Checking for update using Github
2023-07-03 07:42:35 Loading updated app package /home/l4n1skyy/.config/obsidian/obsidian-1.3.5.asar
2023-07-03 07:42:35 Checking for update using Github
2023-07-03 07:42:36 Success.
2023-07-03 07:42:36 Latest version is 1.3.5
2023-07-03 07:42:36 App is up to date.
2023-07-03 07:43:13 Loading updated app package /home/l4n1skyy/.config/obsidian/obsidian-1.3.5.asar
2023-07-03 07:43:13 Checking for update using Github
2023-07-03 07:43:13 Success.
2023-07-03 07:43:13 Latest version is 1.3.5
2023-07-03 07:43:13 App is up to date.
2023-07-03 07:43:18 Loading updated app package /home/l4n1skyy/.config/obsidian/obsidian-1.3.5.asar
2023-07-03 07:43:18 Checking for update using Github
2023-07-03 07:43:18 Success.
2023-07-03 07:43:18 Latest version is 1.3.5
2023-07-03 07:43:18 App is up to date.
2023-07-03 08:34:32 Loading updated app package /home/l4n1skyy/.config/obsidian/obsidian-1.3.5.asar
2023-07-03 08:34:33 Checking for update using Github
2023-07-03 08:34:33 Failed to check for update using Github (net::ERR_INTERNET_DISCONNECTED)
2023-07-03 08:34:33 Checking for update using obsidian.md
2023-07-03 08:34:33 Failed to check for update using obsidian.md (net::ERR_INTERNET_DISCONNECTED)
2023-07-03 08:40:08 Loading updated app package /home/l4n1skyy/.config/obsidian/obsidian-1.3.5.asar
2023-07-03 08:40:08 Checking for update using Github
2023-07-03 08:40:08 Success.
2023-07-03 08:40:08 Latest version is 1.3.5
2023-07-03 08:40:08 App is up to date.
2023-07-03 10:25:43 Loading updated app package /home/l4n1skyy/.config/obsidian/obsidian-1.3.5.asar
2023-07-03 10:25:44 Checking for update using Github
2023-07-03 10:25:44 Failed to check for update using Github (net::ERR_CERT_COMMON_NAME_INVALID)
2023-07-03 10:25:44 Checking for update using obsidian.md
2023-07-03 10:25:48 Failed to check for update using obsidian.md (net::ERR_QUIC_PROTOCOL_ERROR)
2023-07-03 10:42:10 Loading updated app package /home/l4n1skyy/.config/obsidian/obsidian-1.3.5.asar
2023-07-03 10:42:11 Checking for update using Github
2023-07-03 10:42:11 Failed to check for update using Github (net::ERR_NAME_NOT_RESOLVED)
2023-07-03 10:42:11 Checking for update using obsidian.md
2023-07-03 10:42:11 Failed to check for update using obsidian.md (net::ERR_NAME_NOT_RESOLVED)
2023-07-03 11:34:32 Loading updated app package /home/l4n1skyy/.config/obsidian/obsidian-1.3.5.asar
2023-07-03 11:34:33 Checking for update using Github
2023-07-03 11:34:33 Success.
2023-07-03 11:34:33 Latest version is 1.3.5
2023-07-03 11:34:33 App is up to date.
2023-07-03 11:38:04 Loading updated app package /home/l4n1skyy/.config/obsidian/obsidian-1.3.5.asar
2023-07-03 11:38:04 Checking for update using Github
2023-07-03 11:38:04 Success.
2023-07-03 11:38:04 Latest version is 1.3.5
2023-07-03 11:38:04 App is up to date.
2023-07-03 11:51:49 Loading updated app package /home/l4n1skyy/.config/obsidian/obsidian-1.3.5.asar
2023-07-03 11:51:49 Checking for update using Github
2023-07-03 11:51:49 Failed to check for update using Github (net::ERR_INTERNET_DISCONNECTED)
2023-07-03 11:51:49 Checking for update using obsidian.md
2023-07-03 11:51:49 Failed to check for update using obsidian.md (net::ERR_INTERNET_DISCONNECTED)
2023-07-03 12:10:07 Loading updated app package /home/l4n1skyy/.config/obsidian/obsidian-1.3.5.asar
2023-07-03 12:10:08 Checking for update using Github
2023-07-03 12:10:08 Success.
2023-07-03 12:10:08 Latest version is 1.3.5
2023-07-03 12:10:08 App is up to date.
2023-07-04 02:45:27 Loading updated app package /home/l4n1skyy/.config/obsidian/obsidian-1.3.5.asar
2023-07-04 02:45:27 Checking for update using Github
2023-07-04 02:45:27 Failed to check for update using Github (net::ERR_INTERNET_DISCONNECTED)
2023-07-04 02:45:27 Checking for update using obsidian.md
2023-07-04 02:45:27 Failed to check for update using obsidian.md (net::ERR_INTERNET_DISCONNECTED)
2023-07-04 07:03:34 Loading updated app package /home/l4n1skyy/.config/obsidian/obsidian-1.3.5.asar
2023-07-04 07:03:34 Checking for update using Github
2023-07-04 07:03:34 Failed to check for update using Github (net::ERR_INTERNET_DISCONNECTED)
2023-07-04 07:03:34 Checking for update using obsidian.md
2023-07-04 07:03:34 Failed to check for update using obsidian.md (net::ERR_INTERNET_DISCONNECTED)
2023-07-04 07:23:08 Loading updated app package /home/l4n1skyy/.config/obsidian/obsidian-1.3.5.asar
2023-07-04 07:23:09 Checking for update using Github
2023-07-04 07:23:14 Success.
2023-07-04 07:23:14 Latest version is 1.3.5
2023-07-04 07:23:14 App is up to date.
2023-07-05 01:48:56 Loading updated app package /home/l4n1skyy/.config/obsidian/obsidian-1.3.5.asar
2023-07-05 01:48:57 Checking for update using Github
2023-07-05 01:48:57 Failed to check for update using Github (net::ERR_INTERNET_DISCONNECTED)
2023-07-05 01:48:57 Checking for update using obsidian.md
2023-07-05 01:48:57 Failed to check for update using obsidian.md (net::ERR_INTERNET_DISCONNECTED)
2023-07-05 02:48:56 Checking for update using Github
2023-07-05 02:48:56 Success.
2023-07-05 02:48:56 Latest version is 1.3.5
2023-07-05 02:48:56 App is up to date.
2023-07-05 03:48:56 Checking for update using Github
2023-07-05 03:48:56 Success.
2023-07-05 03:48:56 Latest version is 1.3.5
2023-07-05 03:48:56 App is up to date.
2023-07-06 06:27:17 Loading updated app package /home/l4n1skyy/.config/obsidian/obsidian-1.3.5.asar
2023-07-06 06:27:17 Checking for update using Github
2023-07-06 06:27:18 Success.
2023-07-06 06:27:18 Latest version is 1.3.5
2023-07-06 06:27:18 App is up to date.
2023-07-08 01:26:50 Loading updated app package /home/l4n1skyy/.config/obsidian/obsidian-1.3.5.asar
2023-07-08 01:26:51 Checking for update using Github
2023-07-08 01:26:51 Failed to check for update using Github (net::ERR_INTERNET_DISCONNECTED)
2023-07-08 01:26:51 Checking for update using obsidian.md
2023-07-08 01:26:51 Failed to check for update using obsidian.md (net::ERR_INTERNET_DISCONNECTED)
2023-07-08 05:24:20 Loading updated app package /home/l4n1skyy/.config/obsidian/obsidian-1.3.5.asar
2023-07-08 05:24:21 Checking for update using Github
2023-07-08 05:24:21 Success.
2023-07-08 05:24:21 Latest version is 1.3.5
2023-07-08 05:24:21 App is up to date.
2023-07-08 05:40:58 Loading updated app package /home/l4n1skyy/.config/obsidian/obsidian-1.3.5.asar
2023-07-08 05:40:58 Checking for update using Github
2023-07-08 05:40:59 Success.
2023-07-08 05:40:59 Latest version is 1.3.5
2023-07-08 05:40:59 App is up to date.
2023-07-08 06:40:58 Checking for update using Github
2023-07-08 06:40:58 Success.
2023-07-08 06:40:58 Latest version is 1.3.5
2023-07-08 06:40:58 App is up to date.
2023-07-08 06:46:16 Loading updated app package /home/l4n1skyy/.config/obsidian/obsidian-1.3.5.asar
2023-07-08 06:46:16 Checking for update using Github
2023-07-08 06:46:17 Success.
2023-07-08 06:46:17 Latest version is 1.3.5
2023-07-08 06:46:17 App is up to date.
2023-07-08 12:04:05 Loading updated app package /home/l4n1skyy/.config/obsidian/obsidian-1.3.5.asar
2023-07-08 12:04:05 Checking for update using Github
2023-07-08 12:04:05 Failed to check for update using Github (net::ERR_INTERNET_DISCONNECTED)
2023-07-08 12:04:05 Checking for update using obsidian.md
2023-07-08 12:04:05 Failed to check for update using obsidian.md (net::ERR_INTERNET_DISCONNECTED)
2023-07-08 12:11:42 Loading updated app package /home/l4n1skyy/.config/obsidian/obsidian-1.3.5.asar
2023-07-08 12:11:43 Checking for update using Github
2023-07-08 12:11:43 Failed to check for update using Github (net::ERR_INTERNET_DISCONNECTED)
2023-07-08 12:11:43 Checking for update using obsidian.md
2023-07-08 12:11:43 Failed to check for update using obsidian.md (net::ERR_INTERNET_DISCONNECTED)
2023-07-08 12:12:06 Loading updated app package /home/l4n1skyy/.config/obsidian/obsidian-1.3.5.asar
2023-07-08 12:12:07 Checking for update using Github
2023-07-08 12:12:07 Failed to check for update using Github (net::ERR_INTERNET_DISCONNECTED)
2023-07-08 12:12:07 Checking for update using obsidian.md
2023-07-08 12:12:07 Failed to check for update using obsidian.md (net::ERR_INTERNET_DISCONNECTED)
2023-07-08 12:17:14 Loading updated app package /home/l4n1skyy/.config/obsidian/obsidian-1.3.5.asar
2023-07-08 12:17:15 Checking for update using Github
2023-07-08 12:17:15 Failed to check for update using Github (net::ERR_INTERNET_DISCONNECTED)
2023-07-08 12:17:15 Checking for update using obsidian.md
2023-07-08 12:17:15 Failed to check for update using obsidian.md (net::ERR_INTERNET_DISCONNECTED)
2023-07-09 01:44:15 Loading updated app package /home/l4n1skyy/.config/obsidian/obsidian-1.3.5.asar
2023-07-09 01:44:15 Checking for update using Github
2023-07-09 01:44:16 Success.
2023-07-09 01:44:16 Latest version is 1.3.5
2023-07-09 01:44:16 App is up to date.
2023-07-09 01:44:44 Loading updated app package /home/l4n1skyy/.config/obsidian/obsidian-1.3.5.asar
2023-07-09 01:44:44 Checking for update using Github
2023-07-09 01:44:44 Success.
2023-07-09 01:44:44 Latest version is 1.3.5
2023-07-09 01:44:44 App is up to date.
2023-07-09 01:45:12 Loading updated app package /home/l4n1skyy/.config/obsidian/obsidian-1.3.5.asar
2023-07-09 01:45:13 Checking for update using Github
2023-07-09 01:45:13 Success.
2023-07-09 01:45:13 Latest version is 1.3.5
2023-07-09 01:45:13 App is up to date.
2023-07-09 01:57:24 Loading updated app package /home/l4n1skyy/.config/obsidian/obsidian-1.3.5.asar
2023-07-09 01:57:25 Checking for update using Github
2023-07-09 01:57:25 Failed to check for update using Github (net::ERR_INTERNET_DISCONNECTED)
2023-07-09 01:57:25 Checking for update using obsidian.md
2023-07-09 01:57:25 Failed to check for update using obsidian.md (net::ERR_INTERNET_DISCONNECTED)
2023-07-09 02:57:24 Checking for update using Github
2023-07-09 02:57:24 Success.
2023-07-09 02:57:24 Latest version is 1.3.5
2023-07-09 02:57:24 App is up to date.
2023-07-09 03:25:41 Loading updated app package /home/l4n1skyy/.config/obsidian/obsidian-1.3.5.asar
2023-07-09 03:25:42 Checking for update using Github
2023-07-09 03:25:42 Success.
2023-07-09 03:25:42 Latest version is 1.3.5
2023-07-09 03:25:42 App is up to date.
