2023-07-03 21:33:02.949 [info] Extension host with pid 15781 started
2023-07-03 21:33:02.989 [info] ExtensionService#_doActivateExtension vscode.emmet, startup: false, activationEvent: 'onLanguage'
2023-07-03 21:33:03.021 [info] ExtensionService#_doActivateExtension vscode.git-base, startup: true, activationEvent: '*'
2023-07-03 21:33:03.023 [info] ExtensionService#_doActivateExtension Catppuccin.catppuccin-vsc, startup: true, activationEvent: '*'
2023-07-03 21:33:03.028 [info] ExtensionService#_doActivateExtension vscode.github, startup: true, activationEvent: '*'
2023-07-03 21:33:03.033 [info] Eager extensions activated
2023-07-03 21:33:03.036 [info] ExtensionService#_doActivateExtension vscode.debug-auto-launch, startup: false, activationEvent: 'onStartupFinished'
2023-07-03 21:33:03.038 [info] ExtensionService#_doActivateExtension vscode.merge-conflict, startup: false, activationEvent: 'onStartupFinished'
2023-07-03 21:33:40.026 [info] ExtensionService#_doActivateExtension vscode.extension-editing, startup: false, activationEvent: 'onLanguage:json'
2023-07-03 21:33:40.032 [info] ExtensionService#_doActivateExtension vscode.json-language-features, startup: false, activationEvent: 'onLanguage:json'
2023-07-03 21:33:40.056 [info] ExtensionService#_doActivateExtension vscode.npm, startup: false, activationEvent: 'onLanguage:json'
2023-07-03 21:42:25.018 [info] Extension host terminating: renderer closed the MessagePort
2023-07-03 21:42:25.022 [info] Extension host with pid 15781 exiting with code 0
2023-07-03 21:42:26.284 [info] Extension host with pid 18752 started
2023-07-03 21:42:26.284 [info] Skipping acquiring lock for /home/l4n1skyy/.config/Code - OSS/User/workspaceStorage/f0d9f5f469972e8d1a91e031517ee274.
2023-07-03 21:42:26.396 [info] ExtensionService#_doActivateExtension vscode.git-base, startup: true, activationEvent: '*'
2023-07-03 21:42:26.401 [info] ExtensionService#_doActivateExtension Catppuccin.catppuccin-vsc, startup: true, activationEvent: '*'
2023-07-03 21:42:26.438 [info] ExtensionService#_doActivateExtension vscode.github, startup: true, activationEvent: '*'
2023-07-03 21:42:26.444 [info] Eager extensions activated
2023-07-03 21:42:26.446 [info] ExtensionService#_doActivateExtension vscode.debug-auto-launch, startup: false, activationEvent: 'onStartupFinished'
2023-07-03 21:42:26.448 [info] ExtensionService#_doActivateExtension vscode.merge-conflict, startup: false, activationEvent: 'onStartupFinished'
2023-07-03 21:42:28.050 [info] ExtensionService#_doActivateExtension vscode.git, startup: false, activationEvent: 'api', root cause: vscode.github
2023-07-03 21:42:31.016 [info] ExtensionService#_doActivateExtension vscode.extension-editing, startup: false, activationEvent: 'onLanguage:json'
2023-07-03 21:42:31.021 [info] ExtensionService#_doActivateExtension vscode.json-language-features, startup: false, activationEvent: 'onLanguage:json'
2023-07-03 21:42:31.041 [info] ExtensionService#_doActivateExtension vscode.npm, startup: false, activationEvent: 'onLanguage:json'
2023-07-03 21:42:31.049 [info] ExtensionService#_doActivateExtension vscode.emmet, startup: false, activationEvent: 'onLanguage'
2023-07-03 21:53:58.882 [info] Extension host terminating: renderer closed the MessagePort
2023-07-03 21:53:58.890 [info] Extension host with pid 18752 exiting with code 0
