2023-07-13 09:06:27.082 [info] Log level: Info
2023-07-13 09:06:27.082 [info] Validating found git in: "git"
2023-07-13 09:06:27.082 [info] Using git "2.41.0" from "git"
2023-07-13 09:06:27.082 [info] > git rev-parse --show-toplevel [5ms]
2023-07-13 09:06:27.084 [info] > git rev-parse --show-toplevel [3ms]
2023-07-13 09:06:27.110 [info] > git rev-parse --show-toplevel [19ms]
2023-07-13 09:06:27.116 [info] > git rev-parse --git-dir --git-common-dir [1ms]
2023-07-13 09:06:27.126 [info] Open repository: /home/l4n1skyy/.config/polybar/polybar-spotify
2023-07-13 09:06:27.140 [info] > git rev-parse --show-toplevel [9ms]
2023-07-13 09:06:27.145 [info] > git config --get commit.template [6ms]
2023-07-13 09:06:27.150 [info] > git rev-parse --git-dir --git-common-dir [6ms]
2023-07-13 09:06:27.154 [info] Open repository: /home/l4n1skyy/.config/polybar/polypomo
2023-07-13 09:06:27.177 [info] > git config --get commit.template [10ms]
2023-07-13 09:06:27.178 [info] > git for-each-ref --format=%(refname)%00%(upstream:short)%00%(objectname)%00%(upstream:track)%00%(upstream:remotename)%00%(upstream:remoteref) refs/heads/master refs/remotes/master [18ms]
2023-07-13 09:06:27.186 [info] > git status -z -uall [3ms]
2023-07-13 09:06:27.192 [info] > git rev-parse --show-toplevel [16ms]
2023-07-13 09:06:27.206 [info] > git config --get commit.template [2ms]
2023-07-13 09:06:27.206 [info] > git for-each-ref --format=%(refname)%00%(upstream:short)%00%(objectname)%00%(upstream:track)%00%(upstream:remotename)%00%(upstream:remoteref) refs/heads/master refs/remotes/master [8ms]
2023-07-13 09:06:27.225 [info] > git status -z -uall [13ms]
2023-07-13 09:06:27.244 [info] > git for-each-ref --format=%(refname)%00%(upstream:short)%00%(objectname)%00%(upstream:track)%00%(upstream:remotename)%00%(upstream:remoteref) refs/heads/master refs/remotes/master [20ms]
2023-07-13 09:06:27.255 [info] > git status -z -uall [6ms]
2023-07-13 09:06:27.259 [info] > git config --get commit.template [15ms]
2023-07-13 09:06:27.270 [info] > git for-each-ref --format=%(refname)%00%(upstream:short)%00%(objectname)%00%(upstream:track)%00%(upstream:remotename)%00%(upstream:remoteref) refs/heads/master refs/remotes/master [2ms]
2023-07-13 09:06:27.278 [info] > git status -z -uall [2ms]
2023-07-13 09:06:27.296 [info] > git rev-parse --show-toplevel [1ms]
2023-07-13 09:06:27.422 [info] > git rev-parse --show-toplevel [3ms]
2023-07-13 09:06:27.574 [info] > git rev-parse --show-toplevel [2ms]
2023-07-13 09:06:27.703 [info] > git check-ignore -v -z --stdin [10ms]
2023-07-13 09:06:27.703 [info] > git check-ignore -v -z --stdin [2ms]
2023-07-13 09:06:37.772 [info] > git rev-parse --show-toplevel [1ms]
2023-07-13 09:18:27.796 [info] > git check-ignore -v -z --stdin [1ms]
2023-07-13 09:18:29.898 [info] > git show --textconv :get_spotify_status.sh [7ms]
2023-07-13 09:18:29.899 [info] > git ls-files --stage -- /home/l4n1skyy/.config/polybar/polybar-spotify/get_spotify_status.sh [2ms]
2023-07-13 09:18:29.904 [info] > git cat-file -s b7e8613ef9da17a5715c7943b4c157a5ab4d3b3f [1ms]
2023-07-13 09:18:34.943 [info] > git show --textconv :scroll_spotify_status.sh [8ms]
2023-07-13 09:18:34.944 [info] > git ls-files --stage -- /home/l4n1skyy/.config/polybar/polybar-spotify/scroll_spotify_status.sh [1ms]
2023-07-13 09:18:34.949 [info] > git cat-file -s 6bb52dc06b0cb1f925341514de9ec17f42ae0044 [1ms]
2023-07-13 09:18:41.804 [info] > git check-ignore -v -z --stdin [1ms]
2023-07-13 09:18:43.741 [info] > git check-ignore -v -z --stdin [0ms]
2023-07-13 09:18:46.640 [info] > git show --textconv :get_spotify_status.sh [7ms]
2023-07-13 09:18:46.641 [info] > git ls-files --stage -- /home/l4n1skyy/.config/polybar/polybar-spotify/get_spotify_status.sh [2ms]
2023-07-13 09:18:46.646 [info] > git cat-file -s b7e8613ef9da17a5715c7943b4c157a5ab4d3b3f [1ms]
2023-07-13 09:19:39.178 [info] > git show --textconv :polypomo [5ms]
2023-07-13 09:19:39.179 [info] > git ls-files --stage -- /home/l4n1skyy/.config/polybar/polypomo/polypomo [1ms]
2023-07-13 09:19:39.185 [info] > git cat-file -s 88888f6cc03332148cda651b4bfa493dfb79b44c [3ms]
2023-07-13 09:21:27.439 [info] > git rev-parse --show-toplevel [1ms]
2023-07-13 09:21:31.221 [info] > git rev-parse --show-toplevel [1ms]
2023-07-13 09:21:32.763 [info] > git rev-parse --show-toplevel [1ms]
2023-07-13 09:23:07.300 [info] > git rev-parse --show-toplevel [2ms]
2023-07-13 09:24:13.408 [info] > git rev-parse --show-toplevel [0ms]
2023-07-13 09:24:14.715 [info] > git rev-parse --show-toplevel [1ms]
2023-07-13 09:27:00.837 [info] > git rev-parse --show-toplevel [1ms]
2023-07-13 09:27:03.138 [info] > git show --textconv :polypomo [6ms]
2023-07-13 09:27:03.139 [info] > git ls-files --stage -- /home/l4n1skyy/.config/polybar/polypomo/polypomo [2ms]
2023-07-13 09:27:03.144 [info] > git cat-file -s 88888f6cc03332148cda651b4bfa493dfb79b44c [1ms]
2023-07-13 09:27:31.558 [info] > git rev-parse --show-toplevel [0ms]
2023-07-13 09:27:59.859 [info] > git rev-parse --show-toplevel [1ms]
2023-07-13 09:28:03.188 [info] > git rev-parse --show-toplevel [1ms]
2023-07-13 09:28:58.114 [info] > git rev-parse --show-toplevel [1ms]
2023-07-13 09:28:59.373 [info] > git rev-parse --show-toplevel [2ms]
2023-07-13 09:30:10.791 [info] > git rev-parse --show-toplevel [1ms]
2023-07-13 09:31:14.568 [info] > git rev-parse --show-toplevel [1ms]
2023-07-13 09:31:17.603 [info] > git rev-parse --show-toplevel [1ms]
2023-07-13 09:31:21.496 [info] > git rev-parse --show-toplevel [1ms]
2023-07-13 09:31:49.441 [info] > git rev-parse --show-toplevel [1ms]
